Nov 19, 2023 3:10:32 PM com.paqattack.gui_template.windows.MainWindow <init>
INFO: FXML file loaded successfully from com.paqattack.gui_template.windows.MainWindow
Nov 19, 2023 3:10:32 PM com.paqattack.gui_template.windows.Sidebar <init>
INFO: FXML file loaded successfully from com.paqattack.gui_template.windows.Sidebar
Nov 19, 2023 3:10:33 PM com.paqattack.gui_template.windows.Status <init>
INFO: FXML file loaded successfully from com.paqattack.gui_template.windows.Status
Nov 19, 2023 3:10:33 PM com.paqattack.gui_template.windows.CheckInOut <init>
INFO: FXML file loaded successfully from com.paqattack.gui_template.windows.CheckInOut
Nov 19, 2023 3:10:33 PM com.paqattack.gui_template.windows.Manage <init>
INFO: FXML file loaded successfully from com.paqattack.gui_template.windows.Manage
Nov 19, 2023 3:10:33 PM com.paqattack.gui_template.windows.StartUp <init>
INFO: FXML file loaded successfully from com.paqattack.gui_template.windows.StartUp
Nov 19, 2023 3:10:33 PM com.paqattack.gui_template.Session <init>
INFO: Session started
Nov 19, 2023 3:10:33 PM com.paqattack.gui_template.WindowManager <init>
INFO: Creating resource manager
Nov 19, 2023 3:10:39 PM com.paqattack.gui_template.data.Bed loadBedFile
INFO: Loading bed file: C:\Users\cpaqu\Desktop\FileTesting\Beds.csv
Nov 19, 2023 3:10:39 PM com.paqattack.gui_template.data.Bed <init>
INFO: Bed 100A-Day created
Nov 19, 2023 3:10:39 PM com.paqattack.gui_template.data.Bed <init>
INFO: Bed 100B-Day created
Nov 19, 2023 3:10:39 PM com.paqattack.gui_template.data.Bed <init>
INFO: Bed 100A-Night created
Nov 19, 2023 3:10:39 PM com.paqattack.gui_template.data.Bed <init>
INFO: Bed 100B-Night created
Nov 19, 2023 3:10:39 PM com.paqattack.gui_template.data.Bed <init>
INFO: Bed 110A-Day created
Nov 19, 2023 3:10:39 PM com.paqattack.gui_template.data.Bed <init>
INFO: Bed 110B-Day created
Nov 19, 2023 3:10:39 PM com.paqattack.gui_template.data.Bed <init>
INFO: Bed 110A-Night created
Nov 19, 2023 3:10:39 PM com.paqattack.gui_template.data.Bed <init>
INFO: Bed 110B-Night created
Nov 19, 2023 3:10:39 PM com.paqattack.gui_template.data.Bed <init>
INFO: Bed 120A-Day created
Nov 19, 2023 3:10:39 PM com.paqattack.gui_template.data.Bed <init>
INFO: Bed 120B-Day created
Nov 19, 2023 3:10:39 PM com.paqattack.gui_template.data.Bed <init>
INFO: Bed 120A-Night created
Nov 19, 2023 3:10:39 PM com.paqattack.gui_template.data.Bed <init>
INFO: Bed 120B-Night created
Nov 19, 2023 3:10:39 PM com.paqattack.gui_template.data.Bed <init>
INFO: Bed 130A-Day created
Nov 19, 2023 3:10:39 PM com.paqattack.gui_template.data.Bed <init>
INFO: Bed 130B-Day created
Nov 19, 2023 3:10:39 PM com.paqattack.gui_template.data.Bed <init>
INFO: Bed 130A-Night created
Nov 19, 2023 3:10:39 PM com.paqattack.gui_template.data.Bed <init>
INFO: Bed 130B-Night created
Nov 19, 2023 3:10:39 PM com.paqattack.gui_template.data.Bed <init>
INFO: Bed 140A-Day created
Nov 19, 2023 3:10:39 PM com.paqattack.gui_template.data.Bed <init>
INFO: Bed 140B-Day created
Nov 19, 2023 3:10:39 PM com.paqattack.gui_template.data.Bed <init>
INFO: Bed 140A-Night created
Nov 19, 2023 3:10:39 PM com.paqattack.gui_template.data.Bed <init>
INFO: Bed 140B-Night created
Nov 19, 2023 3:10:39 PM com.paqattack.gui_template.data.Bed <init>
INFO: Bed 150A-Day created
Nov 19, 2023 3:10:39 PM com.paqattack.gui_template.data.Bed <init>
INFO: Bed 150B-Day created
Nov 19, 2023 3:10:39 PM com.paqattack.gui_template.data.Bed <init>
INFO: Bed 150A-Night created
Nov 19, 2023 3:10:39 PM com.paqattack.gui_template.data.Bed <init>
INFO: Bed 150B-Night created
Nov 19, 2023 3:10:39 PM com.paqattack.gui_template.data.Bed <init>
INFO: Bed 160A-Day created
Nov 19, 2023 3:10:39 PM com.paqattack.gui_template.data.Bed <init>
INFO: Bed 160B-Day created
Nov 19, 2023 3:10:39 PM com.paqattack.gui_template.data.Bed <init>
INFO: Bed 160A-Night created
Nov 19, 2023 3:10:39 PM com.paqattack.gui_template.data.Bed <init>
INFO: Bed 160B-Night created
Nov 19, 2023 3:10:39 PM com.paqattack.gui_template.data.Bed <init>
INFO: Bed 170A-Day created
Nov 19, 2023 3:10:39 PM com.paqattack.gui_template.data.Bed <init>
INFO: Bed 170B-Day created
Nov 19, 2023 3:10:39 PM com.paqattack.gui_template.data.Bed <init>
INFO: Bed 170A-Night created
Nov 19, 2023 3:10:39 PM com.paqattack.gui_template.data.Bed <init>
INFO: Bed 170B-Night created
Nov 19, 2023 3:10:39 PM com.paqattack.gui_template.data.Bed <init>
INFO: Bed 180A-Day created
Nov 19, 2023 3:10:39 PM com.paqattack.gui_template.data.Bed <init>
INFO: Bed 180B-Day created
Nov 19, 2023 3:10:39 PM com.paqattack.gui_template.data.Bed <init>
INFO: Bed 180A-Night created
Nov 19, 2023 3:10:39 PM com.paqattack.gui_template.data.Bed <init>
INFO: Bed 180B-Night created
Nov 19, 2023 3:10:39 PM com.paqattack.gui_template.data.Bed <init>
INFO: Bed 190A-Day created
Nov 19, 2023 3:10:39 PM com.paqattack.gui_template.data.Bed <init>
INFO: Bed 190B-Day created
Nov 19, 2023 3:10:39 PM com.paqattack.gui_template.data.Bed <init>
INFO: Bed 190A-Night created
Nov 19, 2023 3:10:39 PM com.paqattack.gui_template.data.Bed <init>
INFO: Bed 190B-Night created
Nov 19, 2023 3:10:39 PM com.paqattack.gui_template.data.Bed <init>
INFO: Bed 200A-Day created
Nov 19, 2023 3:10:39 PM com.paqattack.gui_template.data.Bed <init>
INFO: Bed 200B-Day created
Nov 19, 2023 3:10:39 PM com.paqattack.gui_template.data.Bed <init>
INFO: Bed 200A-Night created
Nov 19, 2023 3:10:39 PM com.paqattack.gui_template.data.Bed <init>
INFO: Bed 200B-Night created
Nov 19, 2023 3:10:39 PM com.paqattack.gui_template.data.Bed <init>
INFO: Bed 210A-Day created
Nov 19, 2023 3:10:39 PM com.paqattack.gui_template.data.Bed <init>
INFO: Bed 210B-Day created
Nov 19, 2023 3:10:39 PM com.paqattack.gui_template.data.Bed <init>
INFO: Bed 210A-Night created
Nov 19, 2023 3:10:39 PM com.paqattack.gui_template.data.Bed <init>
INFO: Bed 210B-Night created
Nov 19, 2023 3:10:39 PM com.paqattack.gui_template.data.Bed <init>
INFO: Bed 220A-Day created
Nov 19, 2023 3:10:39 PM com.paqattack.gui_template.data.Bed <init>
INFO: Bed 220B-Day created
Nov 19, 2023 3:10:39 PM com.paqattack.gui_template.data.Bed <init>
INFO: Bed 220A-Night created
Nov 19, 2023 3:10:39 PM com.paqattack.gui_template.data.Bed <init>
INFO: Bed 220B-Night created
Nov 19, 2023 3:10:39 PM com.paqattack.gui_template.data.Bed <init>
INFO: Bed 230A-Day created
Nov 19, 2023 3:10:39 PM com.paqattack.gui_template.data.Bed <init>
INFO: Bed 230B-Day created
Nov 19, 2023 3:10:39 PM com.paqattack.gui_template.data.Bed <init>
INFO: Bed 230A-Night created
Nov 19, 2023 3:10:39 PM com.paqattack.gui_template.data.Bed <init>
INFO: Bed 230B-Night created
Nov 19, 2023 3:10:39 PM com.paqattack.gui_template.data.Bed <init>
INFO: Bed 240A-Day created
Nov 19, 2023 3:10:39 PM com.paqattack.gui_template.data.Bed <init>
INFO: Bed 240B-Day created
Nov 19, 2023 3:10:39 PM com.paqattack.gui_template.data.Bed <init>
INFO: Bed 240A-Night created
Nov 19, 2023 3:10:39 PM com.paqattack.gui_template.data.Bed <init>
INFO: Bed 240B-Night created
Nov 19, 2023 3:10:39 PM com.paqattack.gui_template.data.Bed <init>
INFO: Bed 250A-Day created
Nov 19, 2023 3:10:39 PM com.paqattack.gui_template.data.Bed <init>
INFO: Bed 250B-Day created
Nov 19, 2023 3:10:39 PM com.paqattack.gui_template.data.Bed <init>
INFO: Bed 250A-Night created
Nov 19, 2023 3:10:39 PM com.paqattack.gui_template.data.Bed <init>
INFO: Bed 250B-Night created
Nov 19, 2023 3:10:39 PM com.paqattack.gui_template.data.Bed <init>
INFO: Bed 260A-Day created
Nov 19, 2023 3:10:39 PM com.paqattack.gui_template.data.Bed <init>
INFO: Bed 260B-Day created
Nov 19, 2023 3:10:39 PM com.paqattack.gui_template.data.Bed <init>
INFO: Bed 260A-Night created
Nov 19, 2023 3:10:39 PM com.paqattack.gui_template.data.Bed <init>
INFO: Bed 260B-Night created
Nov 19, 2023 3:10:39 PM com.paqattack.gui_template.data.Bed <init>
INFO: Bed 270A-Day created
Nov 19, 2023 3:10:39 PM com.paqattack.gui_template.data.Bed <init>
INFO: Bed 270B-Day created
Nov 19, 2023 3:10:39 PM com.paqattack.gui_template.data.Bed <init>
INFO: Bed 270A-Night created
Nov 19, 2023 3:10:39 PM com.paqattack.gui_template.data.Bed <init>
INFO: Bed 270B-Night created
Nov 19, 2023 3:10:39 PM com.paqattack.gui_template.data.Bed <init>
INFO: Bed 280A-Day created
Nov 19, 2023 3:10:39 PM com.paqattack.gui_template.data.Bed <init>
INFO: Bed 280B-Day created
Nov 19, 2023 3:10:39 PM com.paqattack.gui_template.data.Bed <init>
INFO: Bed 280A-Night created
Nov 19, 2023 3:10:39 PM com.paqattack.gui_template.data.Bed <init>
INFO: Bed 280B-Night created
Nov 19, 2023 3:10:39 PM com.paqattack.gui_template.data.Bed <init>
INFO: Bed 290A-Day created
Nov 19, 2023 3:10:39 PM com.paqattack.gui_template.data.Bed <init>
INFO: Bed 290B-Day created
Nov 19, 2023 3:10:39 PM com.paqattack.gui_template.data.Bed <init>
INFO: Bed 290A-Night created
Nov 19, 2023 3:10:39 PM com.paqattack.gui_template.data.Bed <init>
INFO: Bed 290B-Night created
Nov 19, 2023 3:10:39 PM com.paqattack.gui_template.data.Bed <init>
INFO: Bed 300A-Day created
Nov 19, 2023 3:10:39 PM com.paqattack.gui_template.data.Bed <init>
INFO: Bed 300B-Day created
Nov 19, 2023 3:10:39 PM com.paqattack.gui_template.data.Bed <init>
INFO: Bed 300A-Night created
Nov 19, 2023 3:10:39 PM com.paqattack.gui_template.data.Bed <init>
INFO: Bed 300B-Night created
Nov 19, 2023 3:10:39 PM com.paqattack.gui_template.data.Bed <init>
INFO: Bed 310A-Day created
Nov 19, 2023 3:10:39 PM com.paqattack.gui_template.data.Bed <init>
INFO: Bed 310B-Day created
Nov 19, 2023 3:10:39 PM com.paqattack.gui_template.data.Bed <init>
INFO: Bed 310A-Night created
Nov 19, 2023 3:10:39 PM com.paqattack.gui_template.data.Bed <init>
INFO: Bed 310B-Night created
Nov 19, 2023 3:10:39 PM com.paqattack.gui_template.data.Bed <init>
INFO: Bed 320A-Day created
Nov 19, 2023 3:10:39 PM com.paqattack.gui_template.data.Bed <init>
INFO: Bed 320B-Day created
Nov 19, 2023 3:10:39 PM com.paqattack.gui_template.data.Bed <init>
INFO: Bed 320A-Night created
Nov 19, 2023 3:10:39 PM com.paqattack.gui_template.data.Bed <init>
INFO: Bed 320B-Night created
Nov 19, 2023 3:10:39 PM com.paqattack.gui_template.data.Bed <init>
INFO: Bed 330A-Day created
Nov 19, 2023 3:10:39 PM com.paqattack.gui_template.data.Bed <init>
INFO: Bed 330B-Day created
Nov 19, 2023 3:10:39 PM com.paqattack.gui_template.data.Bed <init>
INFO: Bed 330A-Night created
Nov 19, 2023 3:10:39 PM com.paqattack.gui_template.data.Bed <init>
INFO: Bed 330B-Night created
Nov 19, 2023 3:10:39 PM com.paqattack.gui_template.data.Bed <init>
INFO: Bed 340A-Day created
Nov 19, 2023 3:10:39 PM com.paqattack.gui_template.data.Bed <init>
INFO: Bed 340B-Day created
Nov 19, 2023 3:10:39 PM com.paqattack.gui_template.data.Bed <init>
INFO: Bed 340A-Night created
Nov 19, 2023 3:10:39 PM com.paqattack.gui_template.data.Bed <init>
INFO: Bed 340B-Night created
Nov 19, 2023 3:10:39 PM com.paqattack.gui_template.data.Bed <init>
INFO: Bed 350A-Day created
Nov 19, 2023 3:10:39 PM com.paqattack.gui_template.data.Bed <init>
INFO: Bed 350B-Day created
Nov 19, 2023 3:10:39 PM com.paqattack.gui_template.data.Bed <init>
INFO: Bed 350A-Night created
Nov 19, 2023 3:10:39 PM com.paqattack.gui_template.data.Bed <init>
INFO: Bed 350B-Night created
Nov 19, 2023 3:10:39 PM com.paqattack.gui_template.data.Bed <init>
INFO: Bed 360A-Day created
Nov 19, 2023 3:10:39 PM com.paqattack.gui_template.data.Bed <init>
INFO: Bed 360B-Day created
Nov 19, 2023 3:10:39 PM com.paqattack.gui_template.data.Bed <init>
INFO: Bed 360A-Night created
Nov 19, 2023 3:10:39 PM com.paqattack.gui_template.data.Bed <init>
INFO: Bed 360B-Night created
Nov 19, 2023 3:10:39 PM com.paqattack.gui_template.data.Bed <init>
INFO: Bed 370A-Day created
Nov 19, 2023 3:10:39 PM com.paqattack.gui_template.data.Bed <init>
INFO: Bed 370B-Day created
Nov 19, 2023 3:10:39 PM com.paqattack.gui_template.data.Bed <init>
INFO: Bed 370A-Night created
Nov 19, 2023 3:10:39 PM com.paqattack.gui_template.data.Bed <init>
INFO: Bed 370B-Night created
Nov 19, 2023 3:10:39 PM com.paqattack.gui_template.data.Bed <init>
INFO: Bed 380A-Day created
Nov 19, 2023 3:10:39 PM com.paqattack.gui_template.data.Bed <init>
INFO: Bed 380B-Day created
Nov 19, 2023 3:10:39 PM com.paqattack.gui_template.data.Bed <init>
INFO: Bed 380A-Night created
Nov 19, 2023 3:10:39 PM com.paqattack.gui_template.data.Bed <init>
INFO: Bed 380B-Night created
Nov 19, 2023 3:10:39 PM com.paqattack.gui_template.data.Bed <init>
INFO: Bed 390A-Day created
Nov 19, 2023 3:10:39 PM com.paqattack.gui_template.data.Bed <init>
INFO: Bed 390B-Day created
Nov 19, 2023 3:10:39 PM com.paqattack.gui_template.data.Bed <init>
INFO: Bed 390A-Night created
Nov 19, 2023 3:10:39 PM com.paqattack.gui_template.data.Bed <init>
INFO: Bed 390B-Night created
Nov 19, 2023 3:10:39 PM com.paqattack.gui_template.data.Bed <init>
INFO: Bed 400A-Day created
Nov 19, 2023 3:10:39 PM com.paqattack.gui_template.data.Bed <init>
INFO: Bed 400B-Day created
Nov 19, 2023 3:10:39 PM com.paqattack.gui_template.data.Bed <init>
INFO: Bed 400A-Night created
Nov 19, 2023 3:10:39 PM com.paqattack.gui_template.data.Bed <init>
INFO: Bed 400B-Night created
Nov 19, 2023 3:10:39 PM com.paqattack.gui_template.data.Bed <init>
INFO: Bed 410A-Day created
Nov 19, 2023 3:10:39 PM com.paqattack.gui_template.data.Bed <init>
INFO: Bed 410B-Day created
Nov 19, 2023 3:10:39 PM com.paqattack.gui_template.data.Bed <init>
INFO: Bed 410A-Night created
Nov 19, 2023 3:10:39 PM com.paqattack.gui_template.data.Bed <init>
INFO: Bed 410B-Night created
Nov 19, 2023 3:10:39 PM com.paqattack.gui_template.data.Bed <init>
INFO: Bed 420A-Day created
Nov 19, 2023 3:10:39 PM com.paqattack.gui_template.data.Bed <init>
INFO: Bed 420B-Day created
Nov 19, 2023 3:10:39 PM com.paqattack.gui_template.data.Bed <init>
INFO: Bed 420A-Night created
Nov 19, 2023 3:10:39 PM com.paqattack.gui_template.data.Bed <init>
INFO: Bed 420B-Night created
Nov 19, 2023 3:10:39 PM com.paqattack.gui_template.data.Bed <init>
INFO: Bed 430A-Day created
Nov 19, 2023 3:10:39 PM com.paqattack.gui_template.data.Bed <init>
INFO: Bed 430B-Day created
Nov 19, 2023 3:10:39 PM com.paqattack.gui_template.data.Bed <init>
INFO: Bed 430A-Night created
Nov 19, 2023 3:10:39 PM com.paqattack.gui_template.data.Bed <init>
INFO: Bed 430B-Night created
Nov 19, 2023 3:10:39 PM com.paqattack.gui_template.data.Bed <init>
INFO: Bed 440A-Day created
Nov 19, 2023 3:10:39 PM com.paqattack.gui_template.data.Bed <init>
INFO: Bed 440B-Day created
Nov 19, 2023 3:10:39 PM com.paqattack.gui_template.data.Bed <init>
INFO: Bed 440A-Night created
Nov 19, 2023 3:10:39 PM com.paqattack.gui_template.data.Bed <init>
INFO: Bed 440B-Night created
Nov 19, 2023 3:10:39 PM com.paqattack.gui_template.data.Bed <init>
INFO: Bed 450A-Day created
Nov 19, 2023 3:10:39 PM com.paqattack.gui_template.data.Bed <init>
INFO: Bed 450B-Day created
Nov 19, 2023 3:10:39 PM com.paqattack.gui_template.data.Bed <init>
INFO: Bed 450A-Night created
Nov 19, 2023 3:10:39 PM com.paqattack.gui_template.data.Bed <init>
INFO: Bed 450B-Night created
Nov 19, 2023 3:10:39 PM com.paqattack.gui_template.data.Bed <init>
INFO: Bed 460A-Day created
Nov 19, 2023 3:10:39 PM com.paqattack.gui_template.data.Bed <init>
INFO: Bed 460B-Day created
Nov 19, 2023 3:10:39 PM com.paqattack.gui_template.data.Bed <init>
INFO: Bed 460A-Night created
Nov 19, 2023 3:10:39 PM com.paqattack.gui_template.data.Bed <init>
INFO: Bed 460B-Night created
Nov 19, 2023 3:10:39 PM com.paqattack.gui_template.data.Bed <init>
INFO: Bed 470A-Day created
Nov 19, 2023 3:10:39 PM com.paqattack.gui_template.data.Bed <init>
INFO: Bed 470B-Day created
Nov 19, 2023 3:10:39 PM com.paqattack.gui_template.data.Bed <init>
INFO: Bed 470A-Night created
Nov 19, 2023 3:10:39 PM com.paqattack.gui_template.data.Bed <init>
INFO: Bed 470B-Night created
Nov 19, 2023 3:10:39 PM com.paqattack.gui_template.data.Bed <init>
INFO: Bed 480A-Day created
Nov 19, 2023 3:10:39 PM com.paqattack.gui_template.data.Bed <init>
INFO: Bed 480B-Day created
Nov 19, 2023 3:10:39 PM com.paqattack.gui_template.data.Bed <init>
INFO: Bed 480A-Night created
Nov 19, 2023 3:10:39 PM com.paqattack.gui_template.data.Bed <init>
INFO: Bed 480B-Night created
Nov 19, 2023 3:10:39 PM com.paqattack.gui_template.data.Bed <init>
INFO: Bed 490A-Day created
Nov 19, 2023 3:10:39 PM com.paqattack.gui_template.data.Bed <init>
INFO: Bed 490B-Day created
Nov 19, 2023 3:10:39 PM com.paqattack.gui_template.data.Bed <init>
INFO: Bed 490A-Night created
Nov 19, 2023 3:10:39 PM com.paqattack.gui_template.data.Bed <init>
INFO: Bed 490B-Night created
Nov 19, 2023 3:10:39 PM com.paqattack.gui_template.data.Bed <init>
INFO: Bed 500A-Day created
Nov 19, 2023 3:10:39 PM com.paqattack.gui_template.data.Bed <init>
INFO: Bed 500B-Day created
Nov 19, 2023 3:10:39 PM com.paqattack.gui_template.data.Bed <init>
INFO: Bed 500A-Night created
Nov 19, 2023 3:10:39 PM com.paqattack.gui_template.data.Bed <init>
INFO: Bed 500B-Night created
Nov 19, 2023 3:10:39 PM com.paqattack.gui_template.data.Bed <init>
INFO: Bed 510A-Day created
Nov 19, 2023 3:10:39 PM com.paqattack.gui_template.data.Bed <init>
INFO: Bed 510B-Day created
Nov 19, 2023 3:10:39 PM com.paqattack.gui_template.data.Bed <init>
INFO: Bed 510A-Night created
Nov 19, 2023 3:10:39 PM com.paqattack.gui_template.data.Bed <init>
INFO: Bed 510B-Night created
Nov 19, 2023 3:10:39 PM com.paqattack.gui_template.data.Bed <init>
INFO: Bed 520A-Day created
Nov 19, 2023 3:10:39 PM com.paqattack.gui_template.data.Bed <init>
INFO: Bed 520B-Day created
Nov 19, 2023 3:10:39 PM com.paqattack.gui_template.data.Bed <init>
INFO: Bed 520A-Night created
Nov 19, 2023 3:10:39 PM com.paqattack.gui_template.data.Bed <init>
INFO: Bed 520B-Night created
Nov 19, 2023 3:10:39 PM com.paqattack.gui_template.data.Bed <init>
INFO: Bed 530A-Day created
Nov 19, 2023 3:10:39 PM com.paqattack.gui_template.data.Bed <init>
INFO: Bed 530B-Day created
Nov 19, 2023 3:10:39 PM com.paqattack.gui_template.data.Bed <init>
INFO: Bed 530A-Night created
Nov 19, 2023 3:10:39 PM com.paqattack.gui_template.data.Bed <init>
INFO: Bed 530B-Night created
Nov 19, 2023 3:10:39 PM com.paqattack.gui_template.data.Bed <init>
INFO: Bed 540A-Day created
Nov 19, 2023 3:10:39 PM com.paqattack.gui_template.data.Bed <init>
INFO: Bed 540B-Day created
Nov 19, 2023 3:10:39 PM com.paqattack.gui_template.data.Bed <init>
INFO: Bed 540A-Night created
Nov 19, 2023 3:10:39 PM com.paqattack.gui_template.data.Bed <init>
INFO: Bed 540B-Night created
Nov 19, 2023 3:10:39 PM com.paqattack.gui_template.data.Bed <init>
INFO: Bed 550A-Day created
Nov 19, 2023 3:10:39 PM com.paqattack.gui_template.data.Bed <init>
INFO: Bed 550B-Day created
Nov 19, 2023 3:10:39 PM com.paqattack.gui_template.data.Bed <init>
INFO: Bed 550A-Night created
Nov 19, 2023 3:10:39 PM com.paqattack.gui_template.data.Bed <init>
INFO: Bed 550B-Night created
Nov 19, 2023 3:10:39 PM com.paqattack.gui_template.data.Bed <init>
INFO: Bed 560A-Day created
Nov 19, 2023 3:10:39 PM com.paqattack.gui_template.data.Bed <init>
INFO: Bed 560B-Day created
Nov 19, 2023 3:10:39 PM com.paqattack.gui_template.data.Bed <init>
INFO: Bed 560A-Night created
Nov 19, 2023 3:10:39 PM com.paqattack.gui_template.data.Bed <init>
INFO: Bed 560B-Night created
Nov 19, 2023 3:10:39 PM com.paqattack.gui_template.data.Bed <init>
INFO: Bed 570A-Day created
Nov 19, 2023 3:10:39 PM com.paqattack.gui_template.data.Bed <init>
INFO: Bed 570B-Day created
Nov 19, 2023 3:10:39 PM com.paqattack.gui_template.data.Bed <init>
INFO: Bed 570A-Night created
Nov 19, 2023 3:10:39 PM com.paqattack.gui_template.data.Bed <init>
INFO: Bed 570B-Night created
Nov 19, 2023 3:10:39 PM com.paqattack.gui_template.data.Bed <init>
INFO: Bed 580A-Day created
Nov 19, 2023 3:10:39 PM com.paqattack.gui_template.data.Bed <init>
INFO: Bed 580B-Day created
Nov 19, 2023 3:10:39 PM com.paqattack.gui_template.data.Bed <init>
INFO: Bed 580A-Night created
Nov 19, 2023 3:10:39 PM com.paqattack.gui_template.data.Bed <init>
INFO: Bed 580B-Night created
Nov 19, 2023 3:10:39 PM com.paqattack.gui_template.data.Bed <init>
INFO: Bed 590A-Day created
Nov 19, 2023 3:10:39 PM com.paqattack.gui_template.data.Bed <init>
INFO: Bed 590B-Day created
Nov 19, 2023 3:10:39 PM com.paqattack.gui_template.data.Bed <init>
INFO: Bed 590A-Night created
Nov 19, 2023 3:10:39 PM com.paqattack.gui_template.data.Bed <init>
INFO: Bed 590B-Night created
Nov 19, 2023 3:10:39 PM com.paqattack.gui_template.data.Bed <init>
INFO: Bed 600A-Day created
Nov 19, 2023 3:10:39 PM com.paqattack.gui_template.data.Bed <init>
INFO: Bed 600B-Day created
Nov 19, 2023 3:10:39 PM com.paqattack.gui_template.data.Bed <init>
INFO: Bed 600A-Night created
Nov 19, 2023 3:10:39 PM com.paqattack.gui_template.data.Bed <init>
INFO: Bed 600B-Night created
Nov 19, 2023 3:10:39 PM com.paqattack.gui_template.data.Bed <init>
INFO: Bed 610A-Day created
Nov 19, 2023 3:10:39 PM com.paqattack.gui_template.data.Bed <init>
INFO: Bed 610B-Day created
Nov 19, 2023 3:10:39 PM com.paqattack.gui_template.data.Bed <init>
INFO: Bed 610A-Night created
Nov 19, 2023 3:10:39 PM com.paqattack.gui_template.data.Bed <init>
INFO: Bed 610B-Night created
Nov 19, 2023 3:10:39 PM com.paqattack.gui_template.data.Bed <init>
INFO: Bed 620A-Day created
Nov 19, 2023 3:10:39 PM com.paqattack.gui_template.data.Bed <init>
INFO: Bed 620B-Day created
Nov 19, 2023 3:10:39 PM com.paqattack.gui_template.data.Bed <init>
INFO: Bed 620A-Night created
Nov 19, 2023 3:10:39 PM com.paqattack.gui_template.data.Bed <init>
INFO: Bed 620B-Night created
Nov 19, 2023 3:10:39 PM com.paqattack.gui_template.data.Bed <init>
INFO: Bed 630A-Day created
Nov 19, 2023 3:10:39 PM com.paqattack.gui_template.data.Bed <init>
INFO: Bed 630B-Day created
Nov 19, 2023 3:10:39 PM com.paqattack.gui_template.data.Bed <init>
INFO: Bed 630A-Night created
Nov 19, 2023 3:10:39 PM com.paqattack.gui_template.data.Bed <init>
INFO: Bed 630B-Night created
Nov 19, 2023 3:10:39 PM com.paqattack.gui_template.data.Bed <init>
INFO: Bed 640A-Day created
Nov 19, 2023 3:10:39 PM com.paqattack.gui_template.data.Bed <init>
INFO: Bed 640B-Day created
Nov 19, 2023 3:10:39 PM com.paqattack.gui_template.data.Bed <init>
INFO: Bed 640A-Night created
Nov 19, 2023 3:10:39 PM com.paqattack.gui_template.data.Bed <init>
INFO: Bed 640B-Night created
Nov 19, 2023 3:10:39 PM com.paqattack.gui_template.data.Bed <init>
INFO: Bed 650A-Day created
Nov 19, 2023 3:10:39 PM com.paqattack.gui_template.data.Bed <init>
INFO: Bed 650B-Day created
Nov 19, 2023 3:10:39 PM com.paqattack.gui_template.data.Bed <init>
INFO: Bed 650A-Night created
Nov 19, 2023 3:10:39 PM com.paqattack.gui_template.data.Bed <init>
INFO: Bed 650B-Night created
Nov 19, 2023 3:10:39 PM com.paqattack.gui_template.data.Bed <init>
INFO: Bed 660A-Day created
Nov 19, 2023 3:10:39 PM com.paqattack.gui_template.data.Bed <init>
INFO: Bed 660B-Day created
Nov 19, 2023 3:10:39 PM com.paqattack.gui_template.data.Bed <init>
INFO: Bed 660A-Night created
Nov 19, 2023 3:10:39 PM com.paqattack.gui_template.data.Bed <init>
INFO: Bed 660B-Night created
Nov 19, 2023 3:10:39 PM com.paqattack.gui_template.data.Bed <init>
INFO: Bed 670A-Day created
Nov 19, 2023 3:10:39 PM com.paqattack.gui_template.data.Bed <init>
INFO: Bed 670B-Day created
Nov 19, 2023 3:10:39 PM com.paqattack.gui_template.data.Bed <init>
INFO: Bed 670A-Night created
Nov 19, 2023 3:10:39 PM com.paqattack.gui_template.data.Bed <init>
INFO: Bed 670B-Night created
Nov 19, 2023 3:10:39 PM com.paqattack.gui_template.data.Bed <init>
INFO: Bed 680A-Day created
Nov 19, 2023 3:10:39 PM com.paqattack.gui_template.data.Bed <init>
INFO: Bed 680B-Day created
Nov 19, 2023 3:10:39 PM com.paqattack.gui_template.data.Bed <init>
INFO: Bed 680A-Night created
Nov 19, 2023 3:10:39 PM com.paqattack.gui_template.data.Bed <init>
INFO: Bed 680B-Night created
Nov 19, 2023 3:10:39 PM com.paqattack.gui_template.data.Bed <init>
INFO: Bed 690A-Day created
Nov 19, 2023 3:10:39 PM com.paqattack.gui_template.data.Bed <init>
INFO: Bed 690B-Day created
Nov 19, 2023 3:10:39 PM com.paqattack.gui_template.data.Bed <init>
INFO: Bed 690A-Night created
Nov 19, 2023 3:10:39 PM com.paqattack.gui_template.data.Bed <init>
INFO: Bed 690B-Night created
Nov 19, 2023 3:10:39 PM com.paqattack.gui_template.data.Bed <init>
INFO: Bed 700A-Day created
Nov 19, 2023 3:10:39 PM com.paqattack.gui_template.data.Bed <init>
INFO: Bed 700B-Day created
Nov 19, 2023 3:10:39 PM com.paqattack.gui_template.data.Bed <init>
INFO: Bed 700A-Night created
Nov 19, 2023 3:10:39 PM com.paqattack.gui_template.data.Bed <init>
INFO: Bed 700B-Night created
Nov 19, 2023 3:10:39 PM com.paqattack.gui_template.data.Bed <init>
INFO: Bed 710A-Day created
Nov 19, 2023 3:10:39 PM com.paqattack.gui_template.data.Bed <init>
INFO: Bed 710B-Day created
Nov 19, 2023 3:10:39 PM com.paqattack.gui_template.data.Bed <init>
INFO: Bed 710A-Night created
Nov 19, 2023 3:10:39 PM com.paqattack.gui_template.data.Bed <init>
INFO: Bed 710B-Night created
Nov 19, 2023 3:10:39 PM com.paqattack.gui_template.data.Bed <init>
INFO: Bed 720A-Day created
Nov 19, 2023 3:10:39 PM com.paqattack.gui_template.data.Bed <init>
INFO: Bed 720B-Day created
Nov 19, 2023 3:10:39 PM com.paqattack.gui_template.data.Bed <init>
INFO: Bed 720A-Night created
Nov 19, 2023 3:10:39 PM com.paqattack.gui_template.data.Bed <init>
INFO: Bed 720B-Night created
Nov 19, 2023 3:10:39 PM com.paqattack.gui_template.data.Bed <init>
INFO: Bed 730A-Day created
Nov 19, 2023 3:10:39 PM com.paqattack.gui_template.data.Bed <init>
INFO: Bed 730B-Day created
Nov 19, 2023 3:10:39 PM com.paqattack.gui_template.data.Bed <init>
INFO: Bed 730A-Night created
Nov 19, 2023 3:10:39 PM com.paqattack.gui_template.data.Bed <init>
INFO: Bed 730B-Night created
Nov 19, 2023 3:10:39 PM com.paqattack.gui_template.data.Bed <init>
INFO: Bed 740A-Day created
Nov 19, 2023 3:10:39 PM com.paqattack.gui_template.data.Bed <init>
INFO: Bed 740B-Day created
Nov 19, 2023 3:10:39 PM com.paqattack.gui_template.data.Bed <init>
INFO: Bed 740A-Night created
Nov 19, 2023 3:10:39 PM com.paqattack.gui_template.data.Bed <init>
INFO: Bed 740B-Night created
Nov 19, 2023 3:10:39 PM com.paqattack.gui_template.data.Bed <init>
INFO: Bed 750A-Day created
Nov 19, 2023 3:10:39 PM com.paqattack.gui_template.data.Bed <init>
INFO: Bed 750B-Day created
Nov 19, 2023 3:10:39 PM com.paqattack.gui_template.data.Bed <init>
INFO: Bed 750A-Night created
Nov 19, 2023 3:10:39 PM com.paqattack.gui_template.data.Bed <init>
INFO: Bed 750B-Night created
Nov 19, 2023 3:10:39 PM com.paqattack.gui_template.data.Bed <init>
INFO: Bed 760A-Day created
Nov 19, 2023 3:10:39 PM com.paqattack.gui_template.data.Bed <init>
INFO: Bed 760B-Day created
Nov 19, 2023 3:10:39 PM com.paqattack.gui_template.data.Bed <init>
INFO: Bed 760A-Night created
Nov 19, 2023 3:10:39 PM com.paqattack.gui_template.data.Bed <init>
INFO: Bed 760B-Night created
Nov 19, 2023 3:10:39 PM com.paqattack.gui_template.data.Bed <init>
INFO: Bed 770A-Day created
Nov 19, 2023 3:10:39 PM com.paqattack.gui_template.data.Bed <init>
INFO: Bed 770B-Day created
Nov 19, 2023 3:10:39 PM com.paqattack.gui_template.data.Bed <init>
INFO: Bed 770A-Night created
Nov 19, 2023 3:10:39 PM com.paqattack.gui_template.data.Bed <init>
INFO: Bed 770B-Night created
Nov 19, 2023 3:10:39 PM com.paqattack.gui_template.data.Bed <init>
INFO: Bed 780A-Day created
Nov 19, 2023 3:10:39 PM com.paqattack.gui_template.data.Bed <init>
INFO: Bed 780B-Day created
Nov 19, 2023 3:10:39 PM com.paqattack.gui_template.data.Bed <init>
INFO: Bed 780A-Night created
Nov 19, 2023 3:10:39 PM com.paqattack.gui_template.data.Bed <init>
INFO: Bed 780B-Night created
Nov 19, 2023 3:10:39 PM com.paqattack.gui_template.data.Bed <init>
INFO: Bed 790A-Day created
Nov 19, 2023 3:10:39 PM com.paqattack.gui_template.data.Bed <init>
INFO: Bed 790B-Day created
Nov 19, 2023 3:10:39 PM com.paqattack.gui_template.data.Bed <init>
INFO: Bed 790A-Night created
Nov 19, 2023 3:10:39 PM com.paqattack.gui_template.data.Bed <init>
INFO: Bed 790B-Night created
Nov 19, 2023 3:10:39 PM com.paqattack.gui_template.data.Bed <init>
INFO: Bed 800A-Day created
Nov 19, 2023 3:10:39 PM com.paqattack.gui_template.data.Bed <init>
INFO: Bed 800B-Day created
Nov 19, 2023 3:10:39 PM com.paqattack.gui_template.data.Bed <init>
INFO: Bed 800A-Night created
Nov 19, 2023 3:10:39 PM com.paqattack.gui_template.data.Bed <init>
INFO: Bed 800B-Night created
Nov 19, 2023 3:10:39 PM com.paqattack.gui_template.data.Bed <init>
INFO: Bed 1A-Day created
Nov 19, 2023 3:10:39 PM com.paqattack.gui_template.data.Bed <init>
INFO: Bed 1A-Night created
Nov 19, 2023 3:10:39 PM com.paqattack.gui_template.data.Bed <init>
INFO: Bed 2A-Day created
Nov 19, 2023 3:10:39 PM com.paqattack.gui_template.data.Bed <init>
INFO: Bed 2A-Night created
Nov 19, 2023 3:10:39 PM com.paqattack.gui_template.data.Bed <init>
INFO: Bed 3A-Day created
Nov 19, 2023 3:10:39 PM com.paqattack.gui_template.data.Bed <init>
INFO: Bed 3A-Night created
Nov 19, 2023 3:10:39 PM com.paqattack.gui_template.data.Bed <init>
INFO: Bed 4A-Day created
Nov 19, 2023 3:10:39 PM com.paqattack.gui_template.data.Bed <init>
INFO: Bed 4A-Night created
Nov 19, 2023 3:10:39 PM com.paqattack.gui_template.data.Bed <init>
INFO: Bed 5A-Day created
Nov 19, 2023 3:10:39 PM com.paqattack.gui_template.data.Bed <init>
INFO: Bed 5A-Night created
Nov 19, 2023 3:10:39 PM com.paqattack.gui_template.data.Bed <init>
INFO: Bed 6A-Day created
Nov 19, 2023 3:10:39 PM com.paqattack.gui_template.data.Bed <init>
INFO: Bed 6A-Night created
Nov 19, 2023 3:10:39 PM com.paqattack.gui_template.data.Bed <init>
INFO: Bed 7A-Day created
Nov 19, 2023 3:10:39 PM com.paqattack.gui_template.data.Bed <init>
INFO: Bed 7A-Night created
Nov 19, 2023 3:10:39 PM com.paqattack.gui_template.data.Bed <init>
INFO: Bed 8A-Day created
Nov 19, 2023 3:10:39 PM com.paqattack.gui_template.data.Bed <init>
INFO: Bed 8A-Night created
Nov 19, 2023 3:10:39 PM com.paqattack.gui_template.data.Bed <init>
INFO: Bed 9A-Day created
Nov 19, 2023 3:10:39 PM com.paqattack.gui_template.data.Bed <init>
INFO: Bed 9A-Night created
Nov 19, 2023 3:10:39 PM com.paqattack.gui_template.data.Bed <init>
INFO: Bed 10A-Day created
Nov 19, 2023 3:10:39 PM com.paqattack.gui_template.data.Bed <init>
INFO: Bed 10A-Night created
Nov 19, 2023 3:10:39 PM com.paqattack.gui_template.data.Bed <init>
INFO: Bed 11A-Day created
Nov 19, 2023 3:10:39 PM com.paqattack.gui_template.data.Bed <init>
INFO: Bed 11A-Night created
Nov 19, 2023 3:10:39 PM com.paqattack.gui_template.data.Bed <init>
INFO: Bed 12A-Day created
Nov 19, 2023 3:10:39 PM com.paqattack.gui_template.data.Bed <init>
INFO: Bed 12A-Night created
Nov 19, 2023 3:10:39 PM com.paqattack.gui_template.data.Bed loadBedFile
INFO: Bed file loaded successfully
Nov 19, 2023 3:10:41 PM com.paqattack.gui_template.windows.Status lambda$update$2
INFO: Status window updated
Nov 19, 2023 3:10:51 PM com.paqattack.gui_template.windows.Status saveBeddownFile
INFO: Empty save file created: save file2.TXT
Nov 19, 2023 3:10:51 PM com.paqattack.gui_template.windows.Status saveBeddownFile
INFO: Beddown report saved successfully to save file2.TXT
Nov 19, 2023 3:10:51 PM com.paqattack.gui_template.windows.Status openSaveFile
INFO: Opening save file: C:\Users\cpaqu\Desktop\save file2.TXT
Nov 19, 2023 3:11:05 PM com.paqattack.gui_template.windows.Status lambda$update$2
INFO: Status window updated
